Calculator/app/build/intermediates/manifest_merge_blame_file/debug/manifest-merger-blame-debug-report.txt
1<?xml version="1.0" encoding="utf-8"?>
2<manifest xmlns:android="http://schemas.android.com/apk/res/android"
3    package="com.example.calculator"
4    android:versionCode="1"
5    android:versionName="1.0" >
6
7    <uses-sdk
8        android:minSdkVersion="16"
8-->src\main\AndroidManifest.xml
9        android:targetSdkVersion="32" />
9-->src\main\AndroidManifest.xml
10
11    <application
11-->src\main\AndroidManifest.xml:5:5-51:19
12        android:allowBackup="true"
12-->src\main\AndroidManifest.xml:6:9-35
13        android:appComponentFactory="androidx.core.app.CoreComponentFactory"
13-->[androidx.core:core:1.7.0] AndroidManifest.xml:24:18-86
14        android:debuggable="true"
15        android:icon="@mipmap/ic_launcher"
15-->src\main\AndroidManifest.xml:7:9-43
16        android:label="@string/app_name"
16-->src\main\AndroidManifest.xml:8:9-41
17        android:roundIcon="@mipmap/ic_launcher_round"
17-->src\main\AndroidManifest.xml:9:9-54
18        android:supportsRtl="true"
18-->src\main\AndroidManifest.xml:10:9-35
19        android:testOnly="true"
20        android:theme="@style/Theme.Calculator" >
20-->src\main\AndroidManifest.xml:11:9-48
21        <activity
21-->src\main\AndroidManifest.xml:12:9-22:20
22            android:name="com.example.calculator.SplashScreen"
22-->src\main\AndroidManifest.xml:13:13-41
23            android:exported="true" >
23-->src\main\AndroidManifest.xml:14:13-36
24            <intent-filter>
24-->src\main\AndroidManifest.xml:16:13-20:29
25                <action android:name="android.intent.action.MAIN" />
25-->src\main\AndroidManifest.xml:17:17-69
25-->src\main\AndroidManifest.xml:17:25-66
26
27                <category android:name="android.intent.category.LAUNCHER" />
27-->src\main\AndroidManifest.xml:19:17-77
27-->src\main\AndroidManifest.xml:19:27-74
28            </intent-filter>
29        </activity>
30        <activity
30-->src\main\AndroidManifest.xml:24:9-27:64
31            android:name="com.example.calculator.Unit_Converter_Light"
31-->src\main\AndroidManifest.xml:25:13-49
32            android:exported="false"
32-->src\main\AndroidManifest.xml:26:13-37
33            android:parentActivityName="com.example.calculator.MainActivity_Light" />
33-->src\main\AndroidManifest.xml:27:13-61
34        <activity
34-->src\main\AndroidManifest.xml:28:9-31:64
35            android:name="com.example.calculator.Graph_Light"
35-->src\main\AndroidManifest.xml:29:13-40
36            android:exported="false"
36-->src\main\AndroidManifest.xml:30:13-37
37            android:parentActivityName="com.example.calculator.MainActivity_Light" />
37-->src\main\AndroidManifest.xml:31:13-61
38        <activity
38-->src\main\AndroidManifest.xml:32:9-35:58
39            android:name="com.example.calculator.Unit_Converter"
39-->src\main\AndroidManifest.xml:33:13-43
40            android:exported="false"
40-->src\main\AndroidManifest.xml:34:13-37
41            android:parentActivityName="com.example.calculator.MainActivity" />
41-->src\main\AndroidManifest.xml:35:13-55
42        <activity
42-->src\main\AndroidManifest.xml:36:9-39:58
43            android:name="com.example.calculator.MainActivity_Light"
43-->src\main\AndroidManifest.xml:37:13-47
44            android:exported="false"
44-->src\main\AndroidManifest.xml:38:13-37
45            android:parentActivityName="com.example.calculator.MainActivity" />
45-->src\main\AndroidManifest.xml:39:13-55
46        <activity
46-->src\main\AndroidManifest.xml:40:9-43:51
47            android:name="com.example.calculator.PlottingGraph"
47-->src\main\AndroidManifest.xml:41:13-42
48            android:exported="false"
48-->src\main\AndroidManifest.xml:42:13-37
49            android:parentActivityName="com.example.calculator.Graph" />
49-->src\main\AndroidManifest.xml:43:13-48
50        <activity
50-->src\main\AndroidManifest.xml:44:9-47:58
51            android:name="com.example.calculator.Graph"
51-->src\main\AndroidManifest.xml:45:13-34
52            android:exported="false"
52-->src\main\AndroidManifest.xml:46:13-37
53            android:parentActivityName="com.example.calculator.MainActivity" />
53-->src\main\AndroidManifest.xml:47:13-55
54        <activity
54-->src\main\AndroidManifest.xml:48:9-50:39
55            android:name="com.example.calculator.MainActivity"
55-->src\main\AndroidManifest.xml:49:13-41
56            android:exported="false" />
56-->src\main\AndroidManifest.xml:50:13-37
57
58        <provider
58-->[androidx.emoji2:emoji2:1.0.0] AndroidManifest.xml:26:9-34:20
59            android:name="androidx.startup.InitializationProvider"
59-->[androidx.emoji2:emoji2:1.0.0] AndroidManifest.xml:27:13-67
60            android:authorities="com.example.calculator.androidx-startup"
60-->[androidx.emoji2:emoji2:1.0.0] AndroidManifest.xml:28:13-68
61            android:exported="false" >
61-->[androidx.emoji2:emoji2:1.0.0] AndroidManifest.xml:29:13-37
62            <meta-data
62-->[androidx.emoji2:emoji2:1.0.0] AndroidManifest.xml:31:13-33:52
63                android:name="androidx.emoji2.text.EmojiCompatInitializer"
63-->[androidx.emoji2:emoji2:1.0.0] AndroidManifest.xml:32:17-75
64                android:value="androidx.startup" />
64-->[androidx.emoji2:emoji2:1.0.0] AndroidManifest.xml:33:17-49
65            <meta-data
65-->[androidx.lifecycle:lifecycle-process:2.4.0] AndroidManifest.xml:31:13-33:52
66                android:name="androidx.lifecycle.ProcessLifecycleInitializer"
66-->[androidx.lifecycle:lifecycle-process:2.4.0] AndroidManifest.xml:32:17-78
67                android:value="androidx.startup" />
67-->[androidx.lifecycle:lifecycle-process:2.4.0] AndroidManifest.xml:33:17-49
68        </provider>
69    </application>
70
71</manifest>